doclocker/QueenScanner/dynamicgrid/build/outputs/logs/manifest-merger-debug-report.txt
-- Merging decision tree log ---
manifest
ADDED from QueenScanner\dynamicgrid\AndroidManifest.xml:2:1-9:12
INJECTED from QueenScanner\dynamicgrid\AndroidManifest.xml:2:1-9:12
INJECTED from QueenScanner\dynamicgrid\AndroidManifest.xml:2:1-9:12
INJECTED from QueenScanner\dynamicgrid\AndroidManifest.xml:2:1-9:12
INJECTED from QueenScanner\dynamicgrid\AndroidManifest.xml:2:1-9:12
INJECTED from QueenScanner\dynamicgrid\AndroidManifest.xml:2:1-9:12
INJECTED from QueenScanner\dynamicgrid\AndroidManifest.xml:2:1-9:12
	package
		ADDED from QueenScanner\dynamicgrid\AndroidManifest.xml:3:11-44
		INJECTED from QueenScanner\dynamicgrid\AndroidManifest.xml
		INJECTED from QueenScanner\dynamicgrid\AndroidManifest.xml
	android:versionName
		ADDED from QueenScanner\dynamicgrid\AndroidManifest.xml:5:11-36
		INJECTED from QueenScanner\dynamicgrid\AndroidManifest.xml
		INJECTED from QueenScanner\dynamicgrid\AndroidManifest.xml
	xmlns:android
		ADDED from QueenScanner\dynamicgrid\AndroidManifest.xml:2:11-69
	android:versionCode
		ADDED from QueenScanner\dynamicgrid\AndroidManifest.xml:4:11-34
		INJECTED from QueenScanner\dynamicgrid\AndroidManifest.xml
		INJECTED from QueenScanner\dynamicgrid\AndroidManifest.xml
uses-sdk
ADDED from QueenScanner\dynamicgrid\AndroidManifest.xml:7:5-46
INJECTED from QueenScanner\dynamicgrid\AndroidManifest.xml:7:5-46
INJECTED from QueenScanner\dynamicgrid\AndroidManifest.xml:7:5-46
INJECTED from QueenScanner\dynamicgrid\AndroidManifest.xml:7:5-46
INJECTED from QueenScanner\dynamicgrid\AndroidManifest.xml:7:5-46
	android:targetSdkVersion
		ADDED from QueenScanner\dynamicgrid\AndroidManifest.xml:7:15-44
		INJECTED from QueenScanner\dynamicgrid\AndroidManifest.xml
		INJECTED from QueenScanner\dynamicgrid\AndroidManifest.xml
	android:minSdkVersion
		INJECTED from QueenScanner\dynamicgrid\AndroidManifest.xml
		ADDED from QueenScanner\dynamicgrid\AndroidManifest.xml:7:5-46
		INJECTED from QueenScanner\dynamicgrid\AndroidManifest.xml